<?xml version="1.0" encoding="UTF-8"?>
<!-- Generated by org.testng.reporters.JUnitReportReporter -->
<testsuite hostname="Ronak" failures="0" tests="2" name="Day_5.parsingXMLResponse" time="4.902" errors="0" timestamp="2025-08-11T17:18:20 IST" skipped="1">
  <testcase classname="Day_5.parsingXMLResponse" name="testApprouch2" time="4.902"/>
  <testcase classname="Day_5.parsingXMLResponse" name="testApprouch1">
    <skipped/>
  </testcase> <!-- testApprouch1 -->
</testsuite> <!-- Day_5.parsingXMLResponse -->
