<?xml version="1.0" encoding="UTF-8"?>
<!-- Generated by org.testng.reporters.JUnitReportReporter -->
<testsuite hostname="Ronak" failures="0" tests="1" name="Day_6.schemaValidation" time="4.520" errors="0" timestamp="2025-08-11T21:03:43 IST" skipped="0">
  <testcase classname="Day_6.schemaValidation" name="testJSONSchema" time="4.520"/>
</testsuite> <!-- Day_6.schemaValidation -->
