<?xml version="1.0" encoding="UTF-8"?>
<!-- Generated by org.testng.reporters.JUnitReportReporter -->
<testsuite hostname="Ronak" failures="0" tests="3" name="Day_4.parsingJSONResponse" time="2.638" errors="0" timestamp="2025-08-11T15:14:33 IST" skipped="2">
  <testcase classname="Day_4.parsingJSONResponse" name="JsonObject" time="2.638"/>
  <testcase classname="Day_4.parsingJSONResponse" name="res_Vairable">
    <skipped/>
  </testcase> <!-- res_Vairable -->
  <testcase classname="Day_4.parsingJSONResponse" name="directValidationThenMethod">
    <skipped/>
  </testcase> <!-- directValidationThenMethod -->
</testsuite> <!-- Day_4.parsingJSONResponse -->
