<?xml version="1.0" encoding="UTF-8"?>
<!-- Generated by org.testng.reporters.JUnitReportReporter -->
<testsuite hostname="Ronak" failures="0" tests="1" name="Day_4.requestBodyValidation" time="2.547" errors="0" timestamp="2025-08-06T13:20:57 IST" skipped="0">
  <testcase classname="Day_4.requestBodyValidation" name="getAllStudent" time="2.547"/>
</testsuite> <!-- Day_4.requestBodyValidation -->
