<?xml version="1.0" encoding="UTF-8"?>
<!-- Generated by org.testng.reporters.JUnitReportReporter -->
<testsuite hostname="Ronak" failures="0" tests="1" name="Day_3.pathQueryParameter" time="3.231" errors="0" timestamp="2025-08-05T20:46:20 IST" skipped="0">
  <testcase classname="Day_3.pathQueryParameter" name="pathAndQuery" time="3.231"/>
</testsuite> <!-- Day_3.pathQueryParameter -->
