<?xml version="1.0" encoding="UTF-8"?>
<!-- Generated by org.testng.reporters.JUnitReportReporter -->
<testsuite hostname="Ronak" failures="0" tests="2" name="Day_3.headerDemo" time="4.039" errors="0" timestamp="2025-08-05T22:52:42 IST" skipped="1">
  <testcase classname="Day_3.headerDemo" name="getHeaders" time="4.039"/>
  <testcase classname="Day_3.headerDemo" name="testHeader">
    <skipped/>
  </testcase> <!-- testHeader -->
</testsuite> <!-- Day_3.headerDemo -->
