<?xml version="1.0" encoding="UTF-8"?>
<!-- Generated by org.testng.reporters.JUnitReportReporter -->
<testsuite hostname="Ronak" failures="0" tests="4" name="Day_1.Basic_Api_Testing" time="9.377" errors="0" timestamp="2025-08-04T13:02:14 IST" skipped="0">
  <testcase classname="Day_1.Basic_Api_Testing" name="getSingleUser" time="7.685"/>
  <testcase classname="Day_1.Basic_Api_Testing" name="createUser" time="0.884"/>
  <testcase classname="Day_1.Basic_Api_Testing" name="updateUser" time="0.414"/>
  <testcase classname="Day_1.Basic_Api_Testing" name="deleteUser" time="0.394"/>
</testsuite> <!-- Day_1.Basic_Api_Testing -->
