<?xml version="1.0" encoding="UTF-8"?>
<!-- Generated by org.testng.reporters.JUnitReportReporter -->
<testsuite hostname="Ronak" failures="0" tests="1" name="Day_3.logDemo" time="3.176" errors="0" timestamp="2025-08-06T13:01:58 IST" skipped="0">
  <testcase classname="Day_3.logDemo" name="testHeader" time="3.176"/>
</testsuite> <!-- Day_3.logDemo -->
