<?xml version="1.0" encoding="UTF-8"?>
<!-- Generated by org.testng.reporters.JUnitReportReporter -->
<testsuite hostname="Ronak" failures="0" tests="5" name="Day_2.Ways_To_Create_Post_Req" time="3.356" errors="0" timestamp="2025-08-04T20:18:31 IST" skipped="4">
  <testcase classname="Day_2.Ways_To_Create_Post_Req" name="usingExternalJSON" time="3.356"/>
  <testcase classname="Day_2.Ways_To_Create_Post_Req" name="deleteUser">
    <skipped/>
  </testcase> <!-- deleteUser -->
  <testcase classname="Day_2.Ways_To_Create_Post_Req" name="usingHashMap">
    <skipped/>
  </testcase> <!-- usingHashMap -->
  <testcase classname="Day_2.Ways_To_Create_Post_Req" name="usingPOJOClass">
    <skipped/>
  </testcase> <!-- usingPOJOClass -->
  <testcase classname="Day_2.Ways_To_Create_Post_Req" name="usingOrgJsonLibrary">
    <skipped/>
  </testcase> <!-- usingOrgJsonLibrary -->
</testsuite> <!-- Day_2.Ways_To_Create_Post_Req -->
