<?xml version="1.0" encoding="UTF-8"?>
<!-- Generated by org.testng.reporters.JUnitReportReporter -->
<testsuite hostname="Ronak" failures="0" tests="2" name="Day_3.cookiesHeader" time="4.106" errors="0" timestamp="2025-08-05T22:24:25 IST" skipped="1">
  <testcase classname="Day_3.cookiesHeader" name="testCookies2" time="4.106"/>
  <testcase classname="Day_3.cookiesHeader" name="testCookies1">
    <skipped/>
  </testcase> <!-- testCookies1 -->
</testsuite> <!-- Day_3.cookiesHeader -->
