<?xml version="1.0" encoding="UTF-8"?>
<!-- Generated by org.testng.reporters.JUnitReportReporter -->
<testsuite hostname="Ronak" failures="0" tests="3" name="Day_5.fileUploadDownload" time="4.898" errors="0" timestamp="2025-08-11T20:27:55 IST" skipped="2">
  <testcase classname="Day_5.fileUploadDownload" name="testSingleFile" time="4.898"/>
  <testcase classname="Day_5.fileUploadDownload" name="testDownload">
    <skipped/>
  </testcase> <!-- testDownload -->
  <testcase classname="Day_5.fileUploadDownload" name="testMultipleFiles">
    <skipped/>
  </testcase> <!-- testMultipleFiles -->
</testsuite> <!-- Day_5.fileUploadDownload -->
