<?xml version="1.0" encoding="UTF-8"?>
<!-- Generated by org.testng.reporters.JUnitReportReporter -->
<testsuite hostname="PL-IN-PF5JALJ8" failures="0" tests="1" name="RahulShetty.TestCase_JSON_Rahul_Sheety" time="1.086" errors="0" timestamp="2025-09-16T12:00:27 IST" skipped="0">
  <testcase classname="RahulShetty.TestCase_JSON_Rahul_Sheety" name="jsonPathSection" time="1.086"/>
</testsuite> <!-- RahulShetty.TestCase_JSON_Rahul_Sheety -->
